<?xml version="1.0" encoding="UTF-8"?>
<!-- Generated by org.testng.reporters.JUnitReportReporter -->
<testsuite hostname="PrasantAirA2681" failures="0" tests="1" name="testCases.TC_001_AccountRegistrationTest" time="3.592" errors="0" timestamp="2023-06-15T13:36:43 AEST" skipped="0">
  <testcase classname="testCases.TC_001_AccountRegistrationTest" name="test_account_Registration" time="3.592"/>
  <system-out/>
</testsuite> <!-- testCases.TC_001_AccountRegistrationTest -->
